22:43:41 INFO [MC] [PropertyManager.readFromFile] Property file doesn't exist: /home/s98259/.minecraft/journeyMap/journeyMap.properties
22:43:41 INFO [MC] [WaypointHelper.isReiLoaded] Rei's Minimap detected.  Waypoints enabled.
22:43:41 INFO [MC] [JourneyMap.initialize] JourneyMap 3.3.0 FairPlay starting Wed Jan 20 22:43:41 GMT 2016
22:43:41 INFO [MC] [JMLogger.environment] os.name = Linux, os.arch = amd64, user.country = GB, user.language = en, java.version = 1.7.0_79
22:43:41 INFO [MC] [JMLogger.environment] Game settings language: en_US / Locale: en_us
22:43:41 INFO [MC] [JourneyMap.initialize] Properties: {announce_modloaded=true, browser_poll=1900, chunk_offset=5, logging_level=INFO, mapgui_enabled=true, preference_minimap_fontscale=1.0, preference_minimap_hotkeys=true, preference_minimap_position=TopRight, preference_minimap_shape=SmallSquare, preference_minimap_showfps=false, preference_show_animals=true, preference_show_caves=true, preference_show_grid=true, preference_show_minimap=false, preference_show_mobs=true, preference_show_pets=true, preference_show_players=true, preference_show_villagers=true, preference_show_waypoints=true, render_cavelighting_enabled=true, update_check_enabled=true, update_timer_chunks=2000, update_timer_entities=1000, webserver_enabled=true, webserver_port=8080}
22:43:41 INFO [MC] [JMServer.start] Started webserver on port 8080
22:43:41 INFO [MC] [VersionCheck.checkVersion] Checking for updated version: https://dl.dropboxusercontent.com/u/38077766/JourneyMap/journeymap-version.js
22:43:44 INFO [MC] [VersionCheck.checkVersion] Version available online: 4.0.3
22:43:44 INFO [MC] [JourneyMap.initialize] Initialization complete.
22:44:15 INFO [MC] [ColorCache.func_110549_a] ResourcePack: null --> minecraft,forge,nei,powercrystalscore,advancedgenetics,appeng,atomicscience,bigreactors,biomesoplenty,buildcraft,additional-buildcraft-objects,calclavia,cofh,computercraft,props,ee3,ic2,journeymap,logisticspipes,minefactoryreloaded,neiplugins,projectred,stevescarts,thermalexpansion,tc,twilightforest,microblock,qcraft,additionalpipes,simplyjetpacks,mystcraft,extracells,wrcbe_core,galacticraftmoon,mffs,gcewing_lighting,projectbench,galacticraftcore,wrcbe_logic,enderstorage,openperipheraladdons,wrcbe_addons,openccsensors,redstonearsenal,vending,powersuitaddons,dimdoors,netherores,carpentersblocks,galacticraftmars,ironchest,openmodslib,weaponmod,chickenchunks,backpack,extrautils,dimanchor,powersuits,tradebooth,gcewing_lighting_ic2,immibis_microblocks,
22:44:17 INFO [MC] [IconLoader.initBlocksTexture] Got blockTexture image in 1236ms
22:44:17 INFO [MC] [LegacyMigrationTask$Manager.enableTask] No legacy files found.
22:44:17 INFO [MC] [JourneyMap.startMapping] Mapping started in New World dimension 0.
22:44:17 INFO [MC] [ChatLog.showChatAnnouncements] JourneyMap: JourneyMap 3.3.0 FairPlay ready.
22:44:17 INFO [MC] [ChatLog.showChatAnnouncements] JourneyMap: Press [J] or open browser to http://localhost:8080 
22:44:17 INFO [MC] [ChatLog.showChatAnnouncements] JourneyMap: Newer version available: 
22:44:17 INFO [MC] [ChatLog.showChatAnnouncements] JourneyMap: http://journeymap.techbrew.net/
22:50:03 INFO [MC] [JMServer.stop] Stopped webserver without errors
22:50:09 INFO [MC] [ChatLog.showChatAnnouncements] JourneyMap: JourneyMap 3.3.0 FairPlay ready.
22:50:09 INFO [MC] [ChatLog.showChatAnnouncements] JourneyMap: Press [J]. (Webserver disabled.)
22:53:35 INFO [MC] [ChatLog.showChatAnnouncements] JourneyMap: Saving map to screenshots: 2016-01-20_22.53.35_New World_Overworld_day.png
22:53:38 INFO [JM-task-4] [MapSaver.saveMap] Map filesize:57402
22:53:39 INFO [MC] [ChatLog.showChatAnnouncements] JourneyMap: Map saved: /home/s98259/.minecraft/screenshots/2016-01-20_22.53.35_New World_Overworld_day.png
22:54:02 WARNING [MC] [MapRegionTask.create] No viable chunks found in region RegionCoord [-1,-1]
22:54:02 INFO [MC] [ChatLog.showChatAnnouncements] JourneyMap: Auto-mapping surface (33.3%).
22:54:07 WARNING [MC] [MapRegionTask.create] No viable chunks found in region RegionCoord [-2,-1]
22:54:08 INFO [MC] [ChatLog.showChatAnnouncements] JourneyMap: Auto-mapping surface (66.7%).
22:54:10 WARNING [MC] [MapRegionTask.create] No viable chunks found in region RegionCoord [-1,0]
22:54:10 INFO [MC] [ChatLog.showChatAnnouncements] JourneyMap: Auto-mapping surface (100%).
22:54:14 INFO [MC] [ChatLog.showChatAnnouncements] JourneyMap: Auto-mapping of surface has stopped.
22:55:29 INFO [MC] [JourneyMap.stopMapping] Mapping halting in New World dimension 0.
22:55:34 INFO [JM-svr-2] [JMServer.stop] Stopped webserver without errors
